<?xml version="1.0" encoding="UTF-8"?>
<!-- Generated by org.testng.reporters.JUnitReportReporter -->
<testsuite hostname="DESKTOP-4NR0UJO" name="Parabank.qa.testcases.ParabankLoginPageTest" tests="2" failures="0" timestamp="18 Dec 2019 11:24:39 GMT" time="35.539" errors="0">
  <testcase name="loginPageTitleTest" time="19.229" classname="Parabank.qa.testcases.ParabankLoginPageTest"/>
  <testcase name="LoginTest" time="16.310" classname="Parabank.qa.testcases.ParabankLoginPageTest"/>
</testsuite> <!-- Parabank.qa.testcases.ParabankLoginPageTest -->
