<?xml version="1.0" encoding="UTF-8"?>
<!-- Generated by org.testng.reporters.JUnitReportReporter -->
<testsuite hostname="DESKTOP-4NR0UJO" name="Parabank.qa.testcases.ParabankLoginPageTest" tests="2" failures="0" timestamp="19 Dec 2019 11:32:31 GMT" time="34.815" errors="0">
  <testcase name="loginPageTitleTest" time="17.771" classname="Parabank.qa.testcases.ParabankLoginPageTest"/>
  <testcase name="LoginTest" time="17.044" classname="Parabank.qa.testcases.ParabankLoginPageTest"/>
</testsuite> <!-- Parabank.qa.testcases.ParabankLoginPageTest -->
